2025-03-25 18:49:55,530 - image_workflow - INFO - Loaded 10 prompts from prompts.txt
2025-03-25 18:49:55,530 - image_workflow - ERROR - Failed to obtain Adobe Stock access token: [Errno 2] No such file or directory: 'path/to/private.key'
2025-03-25 18:55:44,571 - image_workflow - INFO - Loaded 10 prompts from prompts.txt
2025-03-25 18:55:44,572 - image_workflow - INFO - Generating image for prompt: Business professionals collaborating in a modern, bright office space with glass walls and natural light
2025-03-25 18:55:44,572 - image_workflow - INFO - Generating image for prompt: Aerial drone view of a pristine beach with turquoise water and white sand
2025-03-25 18:55:44,572 - image_workflow - INFO - Generating image for prompt: Diverse group of friends laughing together at an outdoor café
2025-03-25 18:55:44,574 - image_workflow - INFO - Generating image for prompt: Minimalist workspace with laptop, coffee cup, and indoor plants on a white desk
2025-03-25 18:55:44,575 - image_workflow - INFO - Generating image for prompt: Fresh healthy food ingredients arranged on a wooden cutting board, top view
2025-03-25 18:55:57,597 - image_workflow - INFO - Image saved to output/generated/1742939757_Aerial_drone_view_of_a_pristine_beach_with_turquoi.png
2025-03-25 18:55:57,599 - image_workflow - INFO - Generating image for prompt: Silhouette of person standing on mountain peak at sunrise
2025-03-25 18:55:57,711 - image_workflow - INFO - Image saved to output/generated/1742939757_Business_professionals_collaborating_in_a_modern__.png
2025-03-25 18:55:57,711 - image_workflow - INFO - Generating image for prompt: Close-up of hands typing on laptop keyboard in a coffee shop
2025-03-25 18:55:57,931 - image_workflow - WARNING - Rate limit exceeded, waiting before retry...
2025-03-25 18:55:58,056 - image_workflow - WARNING - Rate limit exceeded, waiting before retry...
2025-03-25 18:55:58,854 - image_workflow - INFO - Image saved to output/generated/1742939758_Fresh_healthy_food_ingredients_arranged_on_a_woode.png
2025-03-25 18:55:58,856 - image_workflow - INFO - Generating image for prompt: Abstract background with smooth gradient colors in blue and purple tones
2025-03-25 18:55:59,569 - image_workflow - WARNING - Rate limit exceeded, waiting before retry...
2025-03-25 18:55:59,745 - image_workflow - INFO - Image saved to output/generated/1742939759_Diverse_group_of_friends_laughing_together_at_an_o.png
2025-03-25 18:55:59,746 - image_workflow - INFO - Generating image for prompt: Young family with children enjoying outdoor activities in a park
2025-03-25 18:56:00,075 - image_workflow - WARNING - Rate limit exceeded, waiting before retry...
2025-03-25 18:56:00,198 - image_workflow - INFO - Image saved to output/generated/1742939760_Minimalist_workspace_with_laptop__coffee_cup__and_.png
2025-03-25 18:56:00,199 - image_workflow - INFO - Generating image for prompt: Technology concept with digital devices and futuristic interface elements
2025-03-25 18:56:00,570 - image_workflow - WARNING - Rate limit exceeded, waiting before retry...
2025-03-25 18:56:02,932 - image_workflow - INFO - Generating image for prompt: Silhouette of person standing on mountain peak at sunrise
2025-03-25 18:56:03,056 - image_workflow - INFO - Generating image for prompt: Close-up of hands typing on laptop keyboard in a coffee shop
2025-03-25 18:56:04,569 - image_workflow - INFO - Generating image for prompt: Abstract background with smooth gradient colors in blue and purple tones
2025-03-25 18:56:05,076 - image_workflow - INFO - Generating image for prompt: Young family with children enjoying outdoor activities in a park
2025-03-25 18:56:05,571 - image_workflow - INFO - Generating image for prompt: Technology concept with digital devices and futuristic interface elements
2025-03-25 18:56:17,423 - image_workflow - INFO - Image saved to output/generated/1742939777_Close_up_of_hands_typing_on_laptop_keyboard_in_a_c.png
2025-03-25 18:56:18,522 - image_workflow - INFO - Image saved to output/generated/1742939778_Silhouette_of_person_standing_on_mountain_peak_at_.png
2025-03-25 18:56:18,603 - image_workflow - INFO - Image saved to output/generated/1742939778_Abstract_background_with_smooth_gradient_colors_in.png
2025-03-25 18:56:22,632 - image_workflow - INFO - Image saved to output/generated/1742939782_Young_family_with_children_enjoying_outdoor_activi.png
2025-03-25 18:56:23,130 - image_workflow - INFO - Image saved to output/generated/1742939783_Technology_concept_with_digital_devices_and_futuri.png
2025-03-25 18:56:23,133 - image_workflow - INFO - Generated 10 images
2025-03-25 18:56:23,134 - image_workflow - INFO - Upscaling image: output/generated/1742939757_Aerial_drone_view_of_a_pristine_beach_with_turquoi.png
2025-03-25 18:56:23,135 - image_workflow - INFO - Upscaling image: output/generated/1742939757_Business_professionals_collaborating_in_a_modern__.png
2025-03-25 18:56:23,136 - image_workflow - INFO - Upscaling image: output/generated/1742939758_Fresh_healthy_food_ingredients_arranged_on_a_woode.png
2025-03-25 18:56:23,137 - image_workflow - INFO - Upscaling image: output/generated/1742939759_Diverse_group_of_friends_laughing_together_at_an_o.png
2025-03-25 18:56:23,138 - image_workflow - INFO - Upscaling image: output/generated/1742939760_Minimalist_workspace_with_laptop__coffee_cup__and_.png
2025-03-25 18:56:23,139 - image_workflow - INFO - Upscaling image: output/generated/1742939777_Close_up_of_hands_typing_on_laptop_keyboard_in_a_c.png
2025-03-25 18:56:23,140 - image_workflow - INFO - Upscaling image: output/generated/1742939778_Silhouette_of_person_standing_on_mountain_peak_at_.png
2025-03-25 18:56:23,143 - image_workflow - INFO - Upscaling image: output/generated/1742939778_Abstract_background_with_smooth_gradient_colors_in.png
2025-03-25 18:56:23,146 - image_workflow - INFO - Upscaling image: output/generated/1742939782_Young_family_with_children_enjoying_outdoor_activi.png
2025-03-25 18:56:23,149 - image_workflow - INFO - Upscaling image: output/generated/1742939783_Technology_concept_with_digital_devices_and_futuri.png
2025-03-25 18:56:24,479 - image_workflow - INFO - Image upscaled to output/upscaled/upscaled_1742939778_Silhouette_of_person_standing_on_mountain_peak_at_.png
2025-03-25 18:56:24,521 - image_workflow - INFO - Image upscaled to output/upscaled/upscaled_1742939778_Abstract_background_with_smooth_gradient_colors_in.png
2025-03-25 18:56:24,696 - image_workflow - INFO - Image upscaled to output/upscaled/upscaled_1742939783_Technology_concept_with_digital_devices_and_futuri.png
2025-03-25 18:56:24,760 - image_workflow - INFO - Image upscaled to output/upscaled/upscaled_1742939757_Aerial_drone_view_of_a_pristine_beach_with_turquoi.png
2025-03-25 18:56:24,783 - image_workflow - INFO - Image upscaled to output/upscaled/upscaled_1742939758_Fresh_healthy_food_ingredients_arranged_on_a_woode.png
2025-03-25 18:56:24,893 - image_workflow - INFO - Image upscaled to output/upscaled/upscaled_1742939757_Business_professionals_collaborating_in_a_modern__.png
2025-03-25 18:56:24,900 - image_workflow - INFO - Image upscaled to output/upscaled/upscaled_1742939777_Close_up_of_hands_typing_on_laptop_keyboard_in_a_c.png
2025-03-25 18:56:24,916 - image_workflow - INFO - Image upscaled to output/upscaled/upscaled_1742939760_Minimalist_workspace_with_laptop__coffee_cup__and_.png
2025-03-25 18:56:24,929 - image_workflow - INFO - Image upscaled to output/upscaled/upscaled_1742939782_Young_family_with_children_enjoying_outdoor_activi.png
2025-03-25 18:56:24,977 - image_workflow - INFO - Image upscaled to output/upscaled/upscaled_1742939759_Diverse_group_of_friends_laughing_together_at_an_o.png
2025-03-25 18:56:24,979 - image_workflow - INFO - Upscaled 10 images
2025-03-25 18:56:24,979 - image_workflow - INFO - Adobe Stock upload skipped (--no-adobe-upload flag used)
2025-03-25 18:56:24,980 - image_workflow - INFO - Workflow completed. Results saved to workflow_results.json
